commit 953148c02e40c1b019cefe2478c475d6091435a2
Author: Dvs <satyasri.125110044@gmail.com>
Date:   Fri Apr 15 22:30:23 2022 +0530

    create quiz form added

commit 021625be47efe641835fa64e6a7ea0ed98c5e870
Author: Dvs <satyasri.125110044@gmail.com>
Date:   Fri Apr 15 15:04:57 2022 +0530

    homepage added

commit 6a7d15d498e1297598cfd88c521ff0f7422da51b
Author: Dvs <satyasri.125110044@gmail.com>
Date:   Fri Apr 15 11:33:09 2022 +0530

    login and signup done

commit abac4c57a70fab7aab9a30e7a3188408b582e4c3
Author: Dvs <satyasri.125110044@gmail.com>
Date:   Wed Apr 13 17:13:57 2022 +0530

    added login and signup

commit d05a5f9163b6a5ddb7c0d2fa78ae2bb8075dfe80
Author: Dvs <satyasri.125110044@gmail.com>
Date:   Wed Apr 13 10:06:01 2022 +0530

    added third party library primeng

commit 7ea0a979f1d5ec40963ede7566db5d95e4f3c1e5
Author: Dvs <satyasri.125110044@gmail.com>
Date:   Wed Apr 13 09:22:30 2022 +0530

    initial commit
